<?xml version="1.0" encoding="UTF-8"?>
<testsuite xmlns:xsi="http://www.w3.org/2001/XMLSchema-instance" xsi:noNamespaceSchemaLocation="https://maven.apache.org/surefire/maven-surefire-plugin/xsd/surefire-test-report-3.0.xsd" version="3.0" name="TestSuite" time="93.989" tests="1" errors="0" skipped="0" failures="1">
  <properties>
[...]
</properties>
  <testcase name="BrowserInitializatipon" classname="com.mayu.Airways.CheckBooking" time="85.59">
    <failure message="class org.openqa.selenium.By$ByTagName cannot be cast to class org.openqa.selenium.SearchContext (org.openqa.selenium.By$ByTagName and org.openqa.selenium.SearchContext are in unnamed module of loader &apos;app&apos;)" type="java.lang.ClassCastException"><![CDATA[java.lang.ClassCastException: class org.openqa.selenium.By$ByTagName cannot be cast to class org.openqa.selenium.SearchContext (org.openqa.selenium.By$ByTagName and org.openqa.selenium.SearchContext are in unnamed module of loader 'app')
	at com.mayu.Airways.CheckBooking.BrowserInitializatipon(CheckBooking.java:39)
]]></failure>
    <system-out><![CDATA[[TestNGContentHandler] [WARN] It is strongly recommended to add "<!DOCTYPE suite SYSTEM "http://testng.org/testng-1.0.dtd" >" at the top of your file, otherwise TestNG may fail or not work as expected.
Air India
pp
]]></system-out>
    <system-err><![CDATA[Starting ChromeDriver 96.0.4664.45 (76e4c1bb2ab4671b8beba3444e61c0f17584b2fc-refs/branch-heads/4664@{#947}) on port 14057
Only local connections are allowed.
Please see https://chromedriver.chromium.org/security-considerations for suggestions on keeping ChromeDriver safe.
ChromeDriver was started successfully.
Dec 22, 2021 3:38:07 PM org.openqa.selenium.remote.ProtocolHandshake createSession
INFO: Detected dialect: W3C
]]></system-err>
  </testcase>
</testsuite>